<?xml version="1.0" encoding="UTF-8"?>
<!-- Generated by org.testng.reporters.JUnitXMLReporter -->
<testsuite ignored="0" hostname="DESKTOP-35PH9VR" failures="0" tests="6" name="Home Page Test" time="113.02" errors="0" timestamp="2023-05-30T20:48:54 IST">
  <testcase classname="com.kavya.shoppingcart.HomePageTest" name="homePageTitleTest" time="0.193"/>
  <testcase classname="com.kavya.shoppingcart.HomePageTest" name="homePageURLTest" time="0.002"/>
  <testcase classname="com.kavya.shoppingcart.HomePageTest" name="loginTest" time="0.692"/>
  <testcase classname="com.kavya.shoppingcart.HomePageTest" name="searchProduct" time="1.125"/>
  <testcase classname="com.kavya.shoppingcart.HomePageTest" name="searchProduct" time="0.457"/>
  <testcase classname="com.kavya.shoppingcart.HomePageTest" name="searchProduct" time="0.432"/>
</testsuite> <!-- Home Page Test -->
